
https://www.codingame.com/ide/puzzle/mars-lander-episode-1

連 Episode-1 都學不會！ So, I'll need to debug the scoring method by comparing 
the GA with a manually improvement. -->  2019/06/15 18:13 So let's start from 
the recnet crached example. What if I can manually mutate a gene to improve it?

ship :> make_score() ship :> score --> 50479.30663518346 (<class 'numpy.float64'>)

ship :> chromosome --> [[0, 0], [0, 0], [0, 1], [0, 0], [0, 1], [0, 0], [0, 
0], [0, 1], [0, 0], [0, 1], [0, 0], [0, 1], [0, 2], [0, 3], [0, 4], [0, 4], 
[0, 3], [0, 4], [0, 3], [0, 4], [0, 3], [0, 4], [0, 3], [0, 4], [0, 4], [0, 
4], [0, 4], [0, 3], [0, 4], [0, 4], [0, 4], [0, 3], [0, 4], [0, 3], [0, 4], 
[0, 4], [0, 3], [0, 4], [0, 4], [0, 4], [0, 4], [0, 3], [0, 4], [0, 4], [0, 
4], [0, 3], [0, 4], [0, 4], [0, 4], [0, 3], [0, 4], [0, 3], [0, 4], [0, 4], 
[0, 3], [0, 4], [0, 4], [0, 4], [0, 4], [0, 4], [0, 4], [0, 4], [0, 4], [0, 
4], [0, 4], [0, 4], [0, 4], [0, 4]] (<class 'list'>)
 

 
10
BACK
HINTS
FORUM
RESULTS
SETTINGS
FRIENDS
Mars Lander - Episode 1
Best score
100

 	The Goal
The goal for your program is to safely land the "Mars Lander" shuttle, the landing ship which contains the Opportunity rover. Mars Lander is guided by a program, and right now the failure rate for landing on the NASA simulator is unacceptable.

Note that it may look like a difficult problem, but in reality the problem is easy to solve. This puzzle is the first level among three, therefore, we need to present you some controls you won't need in order to complete this first level.
 	Rules
Built as a game, the simulator puts Mars Lander on a limited zone of Mars sky.

	The zone is 7000m wide and 3000m high.

For this level, Mars Lander is above the landing zone, in vertical position, with no initial speed.

There is a unique area of flat ground on the surface of Mars, which is at least 1000 meters wide.Every second, depending on the current flight parameters (location, speed, fuel ...), the program must provide the new desired tilt angle and thrust power of Mars Lander:
	Angle goes from -90° to 90° . Thrust power goes from 0 to 4 .

For this level, you only need to control the thrust power: the tilt angle should be 0. The game simulates a free fall without atmosphere. Gravity on Mars is 3.711 m/s² . For a thrust power of X, a push force equivalent to X m/s² is generated and X liters of fuel are consumed. As such, a thrust power of 4 in an almost vertical position is needed to compensate for the gravity on Mars.

For a landing to be successful, the ship must:
land on flat ground
land in a vertical position (tilt angle = 0°)
vertical speed must be limited ( ≤ 40m/s in absolute value)
horizontal speed must be limited ( ≤ 20m/s in absolute value)

Remember that this puzzle was simplified:
the landing zone is just below the shuttle. You can therefore ignore rotation and always output 0 as the target angle.
you don't need to store the coordinates of the surface of Mars to succeed.
you only need your vertical landing speed to be between 0 and 40m/s – your horizontal speed being nil.
As the shuttle falls, the vertical speed is negative. As the shuttle flies upward, the vertical speed is positive.
 	Note
For this first level, Mars Lander will go through a single test.

Tests and validators are only slightly different. A program that passes a given test will pass the corresponding validator without any problem.
 	Game Input
The program must first read the initialization data from standard input. Then, within an infinite loop, the program must read the data from the standard input related to Mars Lander's current state and provide to the standard output the instructions to move Mars Lander.
Initialization input
Line 1: the number surfaceN of points used to draw the surface of Mars.
Next surfaceN lines: a couple of integers landX landY providing the coordinates of a ground point. By linking all the points together in a sequential fashion, you form the surface of Mars which is composed of several segments. For the first point, landX = 0 and for the last point, landX = 6999
Input for one game turn
A single line with 7 integers: X Y hSpeed vSpeed fuel rotate power
X,Y are the coordinates of Mars Lander (in meters).
hSpeed and vSpeed are the horizontal and vertical speed of Mars Lander (in m/s). These can be negative depending on the direction of Mars Lander.
fuel is the remaining quantity of fuel in liters. When there is no more fuel, the power of thrusters falls to zero.
rotate is the angle of rotation of Mars Lander expressed in degrees.
power is the thrust power of the landing ship.
Output for one game turn
A single line with 2 integers: rotate power :
rotate is the desired rotation angle for Mars Lander. Please note that for each turn the actual value of the angle is limited to the value of the previous turn +/- 15°.
power is the desired thrust power. 0 = off. 4 = maximum power. Please note that for each turn the value of the actual power is limited to the value of the previous turn +/- 1.
Constraints
2 ≤ surfaceN < 30
0 ≤ X < 7000
0 ≤ Y < 3000
-500 < hSpeed, vSpeed < 500
0 ≤ fuel ≤ 2000
-90 ≤ rotate ≤ 90
0 ≤ power ≤ 4
Response time per turn ≤ 100ms
Example
Initialization input
6         	(surfaceN) Surface made of 6 points
0 1500      	(landX landY)
1000 2000	(landX landY)
2000 500	(landX landY) Start of flat ground
3500 500	(landX landY) End of flat ground
5000 1500	(landX landY)
6999 1000	(landX landY)
No output expected
You can ignore this but you need to read the values.
Input for turn 1
2500 2500 0 0 500 0 0 	(X Y hSpeed vSpeed fuel rotate power)
Output for turn 1
0 3
Input for turn 2
2500 2499 0 -3 499 0 1 	(X Y hSpeed vSpeed fuel rotate power)
Output for turn 2
0 3
Input for turn 3
2500 2495 0 -4 497 0 2 	(X Y hSpeed vSpeed fuel rotate power)
Output for turn 3
0 2
Mars Lander - LEVEL 1 - FIRST CONTACT
Cape Canaveral, June 21st 2003, 2 a.m. in the morning. Loud voices echo through the deserted corridors of the Kennedy Space Center.
 
“For god's sake Mike! Take off is in less than a month and we still don't have a reliable solution! ”
 
Square jaws and a military haircut, Jeff is the manager of the Mars Opportunity mission and right now he's giving his chief engineer a hell of a time.

“ But simulations show a success rate of 99%. ”
“ So what? 1%, that's huge! Would you bet the success of the mission on that? And keep in mind, if Opportunity crashes, you and I, we'll both be done for. ”
“ The top NASA engineers have already worked on this project. It's the best we can achieve! ”
“ Then, let's try with external resources and see if anything better comes out of it. ”
Console outputGame informationAction (Output Stream)Debug (Errors Stream) 
Game information:
Landing phase starting
X=2500m, Y=2500m, HSpeed=0m/s VSpeed=0m/s
Fuel=500l, Angle=0°, Power=0 (0.0m/s2)
00
63
Standard Error Stream:
[[0, 100], [1000, 500], [1500, 100], [3000, 100], [5000, 1500], [6999, 1000]]
command 0 0
Standard Output Stream:
0 0
Game information:
Landing in progress...
X=2500m, Y=2498m, HSpeed=0m/s VSpeed=-4m/s
Fuel=500l, Angle=0°, Power=0 (0.0m/s2)
01
63
Standard Error Stream:
command 0 0
Standard Output Stream:
0 0
Game information:
Landing in progress...
X=2500m, Y=2493m, HSpeed=0m/s VSpeed=-7m/s
Fuel=500l, Angle=0°, Power=0 (0.0m/s2)
02
63
Standard Error Stream:
command 0 1
Standard Output Stream:
0 1
Game information:
Landing in progress...
X=2500m, Y=2484m, HSpeed=0m/s VSpeed=-10m/s
Fuel=499l, Angle=0°, Power=1 (1.0m/s2)
03
63
Standard Error Stream:
command 0 0
Standard Output Stream:
0 0
Game information:
Landing in progress...
X=2500m, Y=2472m, HSpeed=0m/s VSpeed=-14m/s
Fuel=499l, Angle=0°, Power=0 (0.0m/s2)
04
63
Standard Error Stream:
command 0 1
Standard Output Stream:
0 1
Game information:
Landing in progress...
X=2500m, Y=2457m, HSpeed=0m/s VSpeed=-17m/s
Fuel=498l, Angle=0°, Power=1 (1.0m/s2)
05
63
Standard Error Stream:
command 0 0
Standard Output Stream:
0 0
Game information:
Landing in progress...
X=2500m, Y=2438m, HSpeed=0m/s VSpeed=-20m/s
Fuel=498l, Angle=0°, Power=0 (0.0m/s2)
06
63
Standard Error Stream:
command 0 0
Standard Output Stream:
0 0
Game information:
Landing in progress...
X=2500m, Y=2416m, HSpeed=0m/s VSpeed=-24m/s
Fuel=498l, Angle=0°, Power=0 (0.0m/s2)
07
63
Standard Error Stream:
command 0 1
Standard Output Stream:
0 1
Game information:
Landing in progress...
X=2500m, Y=2391m, HSpeed=0m/s VSpeed=-27m/s
Fuel=497l, Angle=0°, Power=1 (1.0m/s2)
08
63
Standard Error Stream:
command 0 0
Standard Output Stream:
0 0
Game information:
Landing in progress...
X=2500m, Y=2362m, HSpeed=0m/s VSpeed=-30m/s
Fuel=497l, Angle=0°, Power=0 (0.0m/s2)
09
63
Standard Error Stream:
command 0 1
Standard Output Stream:
0 1
Game information:
Landing in progress...
X=2500m, Y=2330m, HSpeed=0m/s VSpeed=-33m/s
Fuel=496l, Angle=0°, Power=1 (1.0m/s2)
10
63
Standard Error Stream:
command 0 0
Standard Output Stream:
0 0
Game information:
Landing in progress...
X=2500m, Y=2295m, HSpeed=0m/s VSpeed=-37m/s
Fuel=496l, Angle=0°, Power=0 (0.0m/s2)
11
63
Standard Error Stream:
command 0 1
Standard Output Stream:
0 1
Game information:
Landing in progress...
X=2500m, Y=2257m, HSpeed=0m/s VSpeed=-40m/s
Fuel=495l, Angle=0°, Power=1 (1.0m/s2)
12
63
Standard Error Stream:
command 0 2
Standard Output Stream:
0 2
Game information:
Landing in progress...
X=2500m, Y=2217m, HSpeed=0m/s VSpeed=-41m/s
Fuel=493l, Angle=0°, Power=2 (2.0m/s2)
13
63
Standard Error Stream:
command 0 3
Standard Output Stream:
0 3
Game information:
Landing in progress...
X=2500m, Y=2175m, HSpeed=0m/s VSpeed=-42m/s
Fuel=490l, Angle=0°, Power=3 (3.0m/s2)
14
63
Standard Error Stream:
command 0 4
Standard Output Stream:
0 4
Game information:
Landing in progress...
X=2500m, Y=2134m, HSpeed=0m/s VSpeed=-42m/s
Fuel=486l, Angle=0°, Power=4 (4.0m/s2)
15
63
Standard Error Stream:
command 0 4
Standard Output Stream:
0 4
Game information:
Landing in progress...
X=2500m, Y=2092m, HSpeed=0m/s VSpeed=-41m/s
Fuel=482l, Angle=0°, Power=4 (4.0m/s2)
16
63
Standard Error Stream:
command 0 3
Standard Output Stream:
0 3
Game information:
Landing in progress...
X=2500m, Y=2050m, HSpeed=0m/s VSpeed=-42m/s
Fuel=479l, Angle=0°, Power=3 (3.0m/s2)
17
63
Standard Error Stream:
command 0 4
Standard Output Stream:
0 4
Game information:
Landing in progress...
X=2500m, Y=2008m, HSpeed=0m/s VSpeed=-42m/s
Fuel=475l, Angle=0°, Power=4 (4.0m/s2)
18
63
Standard Error Stream:
command 0 3
Standard Output Stream:
0 3
Game information:
Landing in progress...
X=2500m, Y=1966m, HSpeed=0m/s VSpeed=-43m/s
Fuel=472l, Angle=0°, Power=3 (3.0m/s2)
19
63
Standard Error Stream:
command 0 4
Standard Output Stream:
0 4
Game information:
Landing in progress...
X=2500m, Y=1924m, HSpeed=0m/s VSpeed=-42m/s
Fuel=468l, Angle=0°, Power=4 (4.0m/s2)
20
63
Standard Error Stream:
command 0 3
Standard Output Stream:
0 3
Game information:
Landing in progress...
X=2500m, Y=1881m, HSpeed=0m/s VSpeed=-43m/s
Fuel=465l, Angle=0°, Power=3 (3.0m/s2)
21
63
Standard Error Stream:
command 0 4
Standard Output Stream:
0 4
Game information:
Landing in progress...
X=2500m, Y=1838m, HSpeed=0m/s VSpeed=-43m/s
Fuel=461l, Angle=0°, Power=4 (4.0m/s2)
22
63
Standard Error Stream:
command 0 3
Standard Output Stream:
0 3
Game information:
Landing in progress...
X=2500m, Y=1795m, HSpeed=0m/s VSpeed=-43m/s
Fuel=458l, Angle=0°, Power=3 (3.0m/s2)
23
63
Standard Error Stream:
command 0 4
Standard Output Stream:
0 4
Game information:
Landing in progress...
X=2500m, Y=1752m, HSpeed=0m/s VSpeed=-43m/s
Fuel=454l, Angle=0°, Power=4 (4.0m/s2)
24
63
Standard Error Stream:
command 0 4
Standard Output Stream:
0 4
Game information:
Landing in progress...
X=2500m, Y=1709m, HSpeed=0m/s VSpeed=-43m/s
Fuel=450l, Angle=0°, Power=4 (4.0m/s2)
25
63
Standard Error Stream:
command 0 4
Standard Output Stream:
0 4
Game information:
Landing in progress...
X=2500m, Y=1667m, HSpeed=0m/s VSpeed=-42m/s
Fuel=446l, Angle=0°, Power=4 (4.0m/s2)
26
63
Standard Error Stream:
command 0 4
Standard Output Stream:
0 4
Game information:
Landing in progress...
X=2500m, Y=1624m, HSpeed=0m/s VSpeed=-42m/s
Fuel=442l, Angle=0°, Power=4 (4.0m/s2)
27
63
Standard Error Stream:
command 0 3
Standard Output Stream:
0 3
Game information:
Landing in progress...
X=2500m, Y=1582m, HSpeed=0m/s VSpeed=-43m/s
Fuel=439l, Angle=0°, Power=3 (3.0m/s2)
28
63
Standard Error Stream:
command 0 4
Standard Output Stream:
0 4
Game information:
Landing in progress...
X=2500m, Y=1539m, HSpeed=0m/s VSpeed=-43m/s
Fuel=435l, Angle=0°, Power=4 (4.0m/s2)
29
63
Standard Error Stream:
command 0 4
Standard Output Stream:
0 4
Game information:
Landing in progress...
X=2500m, Y=1497m, HSpeed=0m/s VSpeed=-42m/s
Fuel=431l, Angle=0°, Power=4 (4.0m/s2)
30
63
Standard Error Stream:
command 0 4
Standard Output Stream:
0 4
Game information:
Landing in progress...
X=2500m, Y=1454m, HSpeed=0m/s VSpeed=-42m/s
Fuel=427l, Angle=0°, Power=4 (4.0m/s2)
31
63
Standard Error Stream:
command 0 3
Standard Output Stream:
0 3
Game information:
Landing in progress...
X=2500m, Y=1412m, HSpeed=0m/s VSpeed=-43m/s
Fuel=424l, Angle=0°, Power=3 (3.0m/s2)
32
63
Standard Error Stream:
command 0 4
Standard Output Stream:
0 4
Game information:
Landing in progress...
X=2500m, Y=1369m, HSpeed=0m/s VSpeed=-42m/s
Fuel=420l, Angle=0°, Power=4 (4.0m/s2)
33
63
Standard Error Stream:
command 0 3
Standard Output Stream:
0 3
Game information:
Landing in progress...
X=2500m, Y=1327m, HSpeed=0m/s VSpeed=-43m/s
Fuel=417l, Angle=0°, Power=3 (3.0m/s2)
34
63
Standard Error Stream:
command 0 4
Standard Output Stream:
0 4
Game information:
Landing in progress...
X=2500m, Y=1284m, HSpeed=0m/s VSpeed=-43m/s
Fuel=413l, Angle=0°, Power=4 (4.0m/s2)
35
63
Standard Error Stream:
command 0 4
Standard Output Stream:
0 4
Game information:
Landing in progress...
X=2500m, Y=1241m, HSpeed=0m/s VSpeed=-43m/s
Fuel=409l, Angle=0°, Power=4 (4.0m/s2)
36
63
Standard Error Stream:
command 0 3
Standard Output Stream:
0 3
Game information:
Landing in progress...
X=2500m, Y=1198m, HSpeed=0m/s VSpeed=-43m/s
Fuel=406l, Angle=0°, Power=3 (3.0m/s2)
37
63
Standard Error Stream:
command 0 4
Standard Output Stream:
0 4
Game information:
Landing in progress...
X=2500m, Y=1155m, HSpeed=0m/s VSpeed=-43m/s
Fuel=402l, Angle=0°, Power=4 (4.0m/s2)
38
63
Standard Error Stream:
command 0 4
Standard Output Stream:
0 4
Game information:
Landing in progress...
X=2500m, Y=1112m, HSpeed=0m/s VSpeed=-43m/s
Fuel=398l, Angle=0°, Power=4 (4.0m/s2)
39
63
Standard Error Stream:
command 0 4
Standard Output Stream:
0 4
Game information:
Landing in progress...
X=2500m, Y=1069m, HSpeed=0m/s VSpeed=-42m/s
Fuel=394l, Angle=0°, Power=4 (4.0m/s2)
40
63
Standard Error Stream:
command 0 4
Standard Output Stream:
0 4
Game information:
Landing in progress...
X=2500m, Y=1027m, HSpeed=0m/s VSpeed=-42m/s
Fuel=390l, Angle=0°, Power=4 (4.0m/s2)
41
63
Standard Error Stream:
command 0 3
Standard Output Stream:
0 3
Game information:
Landing in progress...
X=2500m, Y=984m, HSpeed=0m/s VSpeed=-43m/s
Fuel=387l, Angle=0°, Power=3 (3.0m/s2)
42
63
Standard Error Stream:
command 0 4
Standard Output Stream:
0 4
Game information:
Landing in progress...
X=2500m, Y=942m, HSpeed=0m/s VSpeed=-43m/s
Fuel=383l, Angle=0°, Power=4 (4.0m/s2)
43
63
Standard Error Stream:
command 0 4
Standard Output Stream:
0 4
Game information:
Landing in progress...
X=2500m, Y=899m, HSpeed=0m/s VSpeed=-42m/s
Fuel=379l, Angle=0°, Power=4 (4.0m/s2)
44
63
Standard Error Stream:
command 0 4
Standard Output Stream:
0 4
Game information:
Landing in progress...
X=2500m, Y=857m, HSpeed=0m/s VSpeed=-42m/s
Fuel=375l, Angle=0°, Power=4 (4.0m/s2)
45
63
Standard Error Stream:
command 0 3
Standard Output Stream:
0 3
Game information:
Landing in progress...
X=2500m, Y=815m, HSpeed=0m/s VSpeed=-43m/s
Fuel=372l, Angle=0°, Power=3 (3.0m/s2)
46
63
Standard Error Stream:
command 0 4
Standard Output Stream:
0 4
Game information:
Landing in progress...
X=2500m, Y=772m, HSpeed=0m/s VSpeed=-42m/s
Fuel=368l, Angle=0°, Power=4 (4.0m/s2)
47
63
Standard Error Stream:
command 0 4
Standard Output Stream:
0 4
Game information:
Landing in progress...
X=2500m, Y=730m, HSpeed=0m/s VSpeed=-42m/s
Fuel=364l, Angle=0°, Power=4 (4.0m/s2)
48
63
Standard Error Stream:
command 0 4
Standard Output Stream:
0 4
Game information:
Landing in progress...
X=2500m, Y=688m, HSpeed=0m/s VSpeed=-42m/s
Fuel=360l, Angle=0°, Power=4 (4.0m/s2)
49
63
Standard Error Stream:
command 0 3
Standard Output Stream:
0 3
Game information:
Landing in progress...
X=2500m, Y=646m, HSpeed=0m/s VSpeed=-43m/s
Fuel=357l, Angle=0°, Power=3 (3.0m/s2)
50
63
Standard Error Stream:
command 0 4
Standard Output Stream:
0 4
Game information:
Landing in progress...
X=2500m, Y=603m, HSpeed=0m/s VSpeed=-42m/s
Fuel=353l, Angle=0°, Power=4 (4.0m/s2)
51
63
Standard Error Stream:
command 0 3
Standard Output Stream:
0 3
Game information:
Landing in progress...
X=2500m, Y=561m, HSpeed=0m/s VSpeed=-43m/s
Fuel=350l, Angle=0°, Power=3 (3.0m/s2)
52
63
Standard Error Stream:
command 0 4
Standard Output Stream:
0 4
Game information:
Landing in progress...
X=2500m, Y=518m, HSpeed=0m/s VSpeed=-43m/s
Fuel=346l, Angle=0°, Power=4 (4.0m/s2)
53
63
Standard Error Stream:
command 0 4
Standard Output Stream:
0 4
Game information:
Landing in progress...
X=2500m, Y=475m, HSpeed=0m/s VSpeed=-42m/s
Fuel=342l, Angle=0°, Power=4 (4.0m/s2)
54
63
Standard Error Stream:
command 0 3
Standard Output Stream:
0 3
Game information:
Landing in progress...
X=2500m, Y=433m, HSpeed=0m/s VSpeed=-43m/s
Fuel=339l, Angle=0°, Power=3 (3.0m/s2)
55
63
Standard Error Stream:
command 0 4
Standard Output Stream:
0 4
Game information:
Landing in progress...
X=2500m, Y=390m, HSpeed=0m/s VSpeed=-43m/s
Fuel=335l, Angle=0°, Power=4 (4.0m/s2)
56
63
Standard Error Stream:
command 0 4
Standard Output Stream:
0 4
Game information:
Landing in progress...
X=2500m, Y=347m, HSpeed=0m/s VSpeed=-43m/s
Fuel=331l, Angle=0°, Power=4 (4.0m/s2)
57
63
Standard Error Stream:
command 0 4
Standard Output Stream:
0 4
Game information:
Landing in progress...
X=2500m, Y=305m, HSpeed=0m/s VSpeed=-42m/s
Fuel=327l, Angle=0°, Power=4 (4.0m/s2)
58
63
Standard Error Stream:
command 0 4
Standard Output Stream:
0 4
Game information:
Landing in progress...
X=2500m, Y=263m, HSpeed=0m/s VSpeed=-42m/s
Fuel=323l, Angle=0°, Power=4 (4.0m/s2)
59
63
Standard Error Stream:
command 0 4
Standard Output Stream:
0 4
Game information:
Landing in progress...
X=2500m, Y=221m, HSpeed=0m/s VSpeed=-42m/s
Fuel=319l, Angle=0°, Power=4 (4.0m/s2)
60
63
Standard Error Stream:
command 0 4
Standard Output Stream:
0 4
Game information:
Landing in progress...
X=2500m, Y=179m, HSpeed=0m/s VSpeed=-41m/s
Fuel=315l, Angle=0°, Power=4 (4.0m/s2)
61
63
Standard Error Stream:
command 0 4
Standard Output Stream:
0 4
Game information:
Landing in progress...
X=2500m, Y=138m, HSpeed=0m/s VSpeed=-41m/s
Fuel=311l, Angle=0°, Power=4 (4.0m/s2)
62
63
Standard Error Stream:
command 0 4
Standard Output Stream:
0 4
Game information:
Failure: Vertical speed too fast. Mars Lander crashed and Opportunity has been destroyed in the process.
X=2500m, Y=100m, HSpeed=0m/s VSpeed=-41m/s
Fuel=307l, Angle=0°, Power=4 (4.0m/s2)
63
63
Python3


  
Test cases
01
Straight landing
TRY AGAIN
Actions
PLAY ALL TESTCASES  SUBMIT
